This file contains any messages produced by compilers while
running configure, to aid debugging if configure makes a mistake.

It was created by FULL-PACKAGE-NAME configure VERSION, which was
generated by GNU Autoconf 2.68.  Invocation command line was

  $ ./configure 

## --------- ##
## Platform. ##
## --------- ##

hostname = Karata-Laptop
uname -m = x86_64
uname -r = 3.1.4-ck-kar
uname -s = Linux
uname -v = #17 SMP PREEMPT Sat Dec 24 19:24:43 CST 2011

/usr/bin/uname -p = Intel(R) Core(TM)2 Duo CPU P8400 @ 2.26GHz
/bin/uname -X     = unknown

/bin/arch              = unknown
/usr/bin/arch -k       = unknown
/usr/convex/getsysinfo = unknown
/usr/bin/hostinfo      = unknown
/bin/machine           = unknown
/usr/bin/oslevel       = unknown
/bin/universe          = unknown

PATH: /home/rquiss/sh
PATH: /usr/sbin
PATH: /sbin
PATH: /usr/local/bin
PATH: /usr/bin
PATH: /bin
PATH: /opt/bin
PATH: /usr/x86_64-pc-linux-gnu/gcc-bin/4.6.2
PATH: /opt/intel/Compiler/11.1/072/bin/intel64
PATH: /usr/games/bin


## ----------- ##
## Core tests. ##
## ----------- ##

configure:1859: checking for gcc
configure:1875: found /usr/bin/gcc
configure:1886: result: gcc
configure:2115: checking for C compiler version
configure:2124: gcc --version >&5
gcc (Gentoo 4.6.2 p1.1, pie-0.4.5) 4.6.2
Copyright (C) 2011 Free Software Foundation, Inc.
This is free software; see the source for copying conditions.  There is NO
warranty; not even for MERCHANTABILITY or FITNESS FOR A PARTICULAR PURPOSE.

configure:2135: $? = 0
configure:2124: gcc -v >&5
Using built-in specs.
COLLECT_GCC=/usr/x86_64-pc-linux-gnu/gcc-bin/4.6.2/gcc
COLLECT_LTO_WRAPPER=/usr/libexec/gcc/x86_64-pc-linux-gnu/4.6.2/lto-wrapper
Target: x86_64-pc-linux-gnu
Configured with: /var/tmp/portage/sys-devel/gcc-4.6.2/work/gcc-4.6.2/configure --prefix=/usr --bindir=/usr/x86_64-pc-linux-gnu/gcc-bin/4.6.2 --includedir=/usr/lib/gcc/x86_64-pc-linux-gnu/4.6.2/include --datadir=/usr/share/gcc-data/x86_64-pc-linux-gnu/4.6.2 --mandir=/usr/share/gcc-data/x86_64-pc-linux-gnu/4.6.2/man --infodir=/usr/share/gcc-data/x86_64-pc-linux-gnu/4.6.2/info --with-gxx-include-dir=/usr/lib/gcc/x86_64-pc-linux-gnu/4.6.2/include/g++-v4 --host=x86_64-pc-linux-gnu --build=x86_64-pc-linux-gnu --disable-altivec --disable-fixed-point --without-ppl --without-cloog --enable-lto --enable-nls --without-included-gettext --with-system-zlib --disable-werror --enable-secureplt --enable-multilib --enable-libmudflap --disable-libssp --enable-libgomp --with-python-dir=/share/gcc-data/x86_64-pc-linux-gnu/4.6.2/python --enable-checking=release --disable-libgcj --disable-libquadmath --enable-languages=c,c++ --enable-shared --enable-threads=posix --enable-__cxa_atexit --enable-clocale=gnu --with-bugurl=http://bugs.gentoo.org/ --with-pkgversion='Gentoo 4.6.2 p1.1, pie-0.4.5'
Thread model: posix
gcc version 4.6.2 (Gentoo 4.6.2 p1.1, pie-0.4.5) 
configure:2135: $? = 0
configure:2124: gcc -V >&5
gcc: error: unrecognized option '-V'
gcc: fatal error: no input files
compilation terminated.
configure:2135: $? = 1
configure:2124: gcc -qversion >&5
gcc: error: unrecognized option '-qversion'
gcc: fatal error: no input files
compilation terminated.
configure:2135: $? = 1
configure:2155: checking whether the C compiler works
configure:2177: gcc    conftest.c  >&5
configure:2181: $? = 0
configure:2229: result: yes
configure:2232: checking for C compiler default output file name
configure:2234: result: a.out
configure:2240: checking for suffix of executables
configure:2247: gcc -o conftest    conftest.c  >&5
configure:2251: $? = 0
configure:2273: result: 
configure:2295: checking whether we are cross compiling
configure:2303: gcc -o conftest    conftest.c  >&5
configure:2307: $? = 0
configure:2314: ./conftest
configure:2318: $? = 0
configure:2333: result: no
configure:2338: checking for suffix of object files
configure:2360: gcc -c   conftest.c >&5
configure:2364: $? = 0
configure:2385: result: o
configure:2389: checking whether we are using the GNU C compiler
configure:2408: gcc -c   conftest.c >&5
configure:2408: $? = 0
configure:2417: result: yes
configure:2426: checking whether gcc accepts -g
configure:2446: gcc -c -g  conftest.c >&5
configure:2446: $? = 0
configure:2487: result: yes
configure:2504: checking for gcc option to accept ISO C89
configure:2568: gcc  -c -g -O2  conftest.c >&5
configure:2568: $? = 0
configure:2581: result: none needed
configure:2647: checking for a BSD-compatible install
configure:2715: result: /usr/bin/install -c
configure:2726: checking whether build environment is sane
configure:2776: result: yes
configure:2917: checking for a thread-safe mkdir -p
configure:2956: result: /bin/mkdir -p
configure:2969: checking for gawk
configure:2985: found /usr/bin/gawk
configure:2996: result: gawk
configure:3007: checking whether make sets $(MAKE)
configure:3029: result: yes
configure:3059: checking for style of include used by make
configure:3087: result: GNU
configure:3172: checking dependency style of gcc
configure:3282: result: gcc3
configure:3300: checking for library containing cvLine
configure:3331: gcc -o conftest -g -O2   conftest.c  >&5
/tmp/ccw2wgs7.o: In function `main':
/home/rquiss/git/semantic-picture-cognition/src/sic-server/conftest.c:22: undefined reference to `cvLine'
collect2: ld returned 1 exit status
configure:3331: $? = 1
configure: failed program was:
| /* confdefs.h */
| #define PACKAGE_NAME "FULL-PACKAGE-NAME"
| #define PACKAGE_TARNAME "full-package-name"
| #define PACKAGE_VERSION "VERSION"
| #define PACKAGE_STRING "FULL-PACKAGE-NAME VERSION"
| #define PACKAGE_BUGREPORT "BUG-REPORT-ADDRESS"
| #define PACKAGE_URL ""
| #define PACKAGE "full-package-name"
| #define VERSION "VERSION"
| /* end confdefs.h.  */
| 
| /* Override any GCC internal prototype to avoid an error.
|    Use char because int might match the return type of a GCC
|    builtin and then its argument prototype would still apply.  */
| #ifdef __cplusplus
| extern "C"
| #endif
| char cvLine ();
| int
| main ()
| {
| return cvLine ();
|   ;
|   return 0;
| }
configure:3331: gcc -o conftest -g -O2   conftest.c -lopencv_core   >&5
configure:3331: $? = 0
configure:3348: result: -lopencv_core
configure:3358: checking for library containing sic_getver
configure:3389: gcc -o conftest -g -O2   conftest.c -lopencv_core  >&5
/tmp/cc3PgGdg.o: In function `main':
/home/rquiss/git/semantic-picture-cognition/src/sic-server/conftest.c:22: undefined reference to `sic_getver'
collect2: ld returned 1 exit status
configure:3389: $? = 1
configure: failed program was:
| /* confdefs.h */
| #define PACKAGE_NAME "FULL-PACKAGE-NAME"
| #define PACKAGE_TARNAME "full-package-name"
| #define PACKAGE_VERSION "VERSION"
| #define PACKAGE_STRING "FULL-PACKAGE-NAME VERSION"
| #define PACKAGE_BUGREPORT "BUG-REPORT-ADDRESS"
| #define PACKAGE_URL ""
| #define PACKAGE "full-package-name"
| #define VERSION "VERSION"
| /* end confdefs.h.  */
| 
| /* Override any GCC internal prototype to avoid an error.
|    Use char because int might match the return type of a GCC
|    builtin and then its argument prototype would still apply.  */
| #ifdef __cplusplus
| extern "C"
| #endif
| char sic_getver ();
| int
| main ()
| {
| return sic_getver ();
|   ;
|   return 0;
| }
configure:3389: gcc -o conftest -g -O2   conftest.c -lsic  -lopencv_core  >&5
configure:3389: $? = 0
configure:3406: result: -lsic
configure:3555: creating ./config.status

## ---------------------- ##
## Running config.status. ##
## ---------------------- ##

This file was extended by FULL-PACKAGE-NAME config.status VERSION, which was
generated by GNU Autoconf 2.68.  Invocation command line was

  CONFIG_FILES    = 
  CONFIG_HEADERS  = 
  CONFIG_LINKS    = 
  CONFIG_COMMANDS = 
  $ ./config.status 

on Karata-Laptop

config.status:847: creating Makefile
config.status:847: creating src/Makefile
config.status:847: creating config.h
config.status:1028: config.h is unchanged
config.status:1076: executing depfiles commands

## ---------------- ##
## Cache variables. ##
## ---------------- ##

ac_cv_c_compiler_gnu=yes
ac_cv_env_CC_set=
ac_cv_env_CC_value=
ac_cv_env_CFLAGS_set=
ac_cv_env_CFLAGS_value=
ac_cv_env_CPPFLAGS_set=
ac_cv_env_CPPFLAGS_value=
ac_cv_env_LDFLAGS_set=
ac_cv_env_LDFLAGS_value=
ac_cv_env_LIBS_set=
ac_cv_env_LIBS_value=
ac_cv_env_build_alias_set=
ac_cv_env_build_alias_value=
ac_cv_env_host_alias_set=
ac_cv_env_host_alias_value=
ac_cv_env_target_alias_set=
ac_cv_env_target_alias_value=
ac_cv_objext=o
ac_cv_path_install='/usr/bin/install -c'
ac_cv_path_mkdir=/bin/mkdir
ac_cv_prog_AWK=gawk
ac_cv_prog_ac_ct_CC=gcc
ac_cv_prog_cc_c89=
ac_cv_prog_cc_g=yes
ac_cv_prog_make_make_set=yes
ac_cv_search_cvLine=-lopencv_core
ac_cv_search_sic_getver=-lsic
am_cv_CC_dependencies_compiler_type=gcc3

## ----------------- ##
## Output variables. ##
## ----------------- ##

ACLOCAL='${SHELL} /home/rquiss/git/semantic-picture-cognition/src/sic-server/missing --run aclocal-1.11'
AMDEPBACKSLASH='\'
AMDEP_FALSE='#'
AMDEP_TRUE=''
AMTAR='${SHELL} /home/rquiss/git/semantic-picture-cognition/src/sic-server/missing --run tar'
AUTOCONF='${SHELL} /home/rquiss/git/semantic-picture-cognition/src/sic-server/missing --run autoconf'
AUTOHEADER='${SHELL} /home/rquiss/git/semantic-picture-cognition/src/sic-server/missing --run autoheader'
AUTOMAKE='${SHELL} /home/rquiss/git/semantic-picture-cognition/src/sic-server/missing --run automake-1.11'
AWK='gawk'
CC='gcc'
CCDEPMODE='depmode=gcc3'
CFLAGS='-g -O2'
CPPFLAGS=''
CYGPATH_W='echo'
DEFS='-DHAVE_CONFIG_H'
DEPDIR='.deps'
ECHO_C=''
ECHO_N='-n'
ECHO_T=''
EXEEXT=''
INSTALL_DATA='${INSTALL} -m 644'
INSTALL_PROGRAM='${INSTALL}'
INSTALL_SCRIPT='${INSTALL}'
INSTALL_STRIP_PROGRAM='$(install_sh) -c -s'
LDFLAGS=''
LIBOBJS=''
LIBS='-lsic -lopencv_core '
LTLIBOBJS=''
MAKEINFO='${SHELL} /home/rquiss/git/semantic-picture-cognition/src/sic-server/missing --run makeinfo'
MKDIR_P='/bin/mkdir -p'
OBJEXT='o'
PACKAGE='full-package-name'
PACKAGE_BUGREPORT='BUG-REPORT-ADDRESS'
PACKAGE_NAME='FULL-PACKAGE-NAME'
PACKAGE_STRING='FULL-PACKAGE-NAME VERSION'
PACKAGE_TARNAME='full-package-name'
PACKAGE_URL=''
PACKAGE_VERSION='VERSION'
PATH_SEPARATOR=':'
SET_MAKE=''
SHELL='/bin/sh'
STRIP=''
VERSION='VERSION'
ac_ct_CC='gcc'
am__EXEEXT_FALSE=''
am__EXEEXT_TRUE='#'
am__fastdepCC_FALSE='#'
am__fastdepCC_TRUE=''
am__include='include'
am__isrc=''
am__leading_dot='.'
am__quote=''
am__tar='${AMTAR} chof - "$$tardir"'
am__untar='${AMTAR} xf -'
bindir='${exec_prefix}/bin'
build_alias=''
datadir='${datarootdir}'
datarootdir='${prefix}/share'
docdir='${datarootdir}/doc/${PACKAGE_TARNAME}'
dvidir='${docdir}'
exec_prefix='${prefix}'
host_alias=''
htmldir='${docdir}'
includedir='${prefix}/include'
infodir='${datarootdir}/info'
install_sh='${SHELL} /home/rquiss/git/semantic-picture-cognition/src/sic-server/install-sh'
libdir='${exec_prefix}/lib'
libexecdir='${exec_prefix}/libexec'
localedir='${datarootdir}/locale'
localstatedir='${prefix}/var'
mandir='${datarootdir}/man'
mkdir_p='/bin/mkdir -p'
oldincludedir='/usr/include'
pdfdir='${docdir}'
prefix='/usr/local'
program_transform_name='s,x,x,'
psdir='${docdir}'
sbindir='${exec_prefix}/sbin'
sharedstatedir='${prefix}/com'
sysconfdir='${prefix}/etc'
target_alias=''

## ----------- ##
## confdefs.h. ##
## ----------- ##

/* confdefs.h */
#define PACKAGE_NAME "FULL-PACKAGE-NAME"
#define PACKAGE_TARNAME "full-package-name"
#define PACKAGE_VERSION "VERSION"
#define PACKAGE_STRING "FULL-PACKAGE-NAME VERSION"
#define PACKAGE_BUGREPORT "BUG-REPORT-ADDRESS"
#define PACKAGE_URL ""
#define PACKAGE "full-package-name"
#define VERSION "VERSION"

configure: exit 0
