This file contains any messages produced by compilers while
running configure, to aid debugging if configure makes a mistake.

It was created by FULL-PACKAGE-NAME configure VERSION, which was
generated by GNU Autoconf 2.68.  Invocation command line was

  $ ./configure 

## --------- ##
## Platform. ##
## --------- ##

hostname = Karata-Laptop
uname -m = x86_64
uname -r = 3.1.4-ck-kar
uname -s = Linux
uname -v = #17 SMP PREEMPT Sat Dec 24 19:24:43 CST 2011

/usr/bin/uname -p = Intel(R) Core(TM)2 Duo CPU P8400 @ 2.26GHz
/bin/uname -X     = unknown

/bin/arch              = unknown
/usr/bin/arch -k       = unknown
/usr/convex/getsysinfo = unknown
/usr/bin/hostinfo      = unknown
/bin/machine           = unknown
/usr/bin/oslevel       = unknown
/bin/universe          = unknown

PATH: /home/rquiss/sh
PATH: /usr/sbin
PATH: /sbin
PATH: /usr/local/bin
PATH: /usr/bin
PATH: /bin
PATH: /opt/bin
PATH: /usr/x86_64-pc-linux-gnu/gcc-bin/4.6.2
PATH: /opt/intel/Compiler/11.1/072/bin/intel64
PATH: /usr/games/bin


## ----------- ##
## Core tests. ##
## ----------- ##

configure:1878: checking for C++ compiler version
configure:1887: clang++ --version >&5
clang version 3.0 (tags/RELEASE_30/final)
Target: x86_64-pc-linux-gnu
Thread model: posix
configure:1898: $? = 0
configure:1887: clang++ -v >&5
clang version 3.0 (tags/RELEASE_30/final)
Target: x86_64-pc-linux-gnu
Thread model: posix
configure:1898: $? = 0
configure:1887: clang++ -V >&5
clang: error: argument to '-V' is missing (expected 1 value)
clang: error: no input files
configure:1898: $? = 1
configure:1887: clang++ -qversion >&5
clang: error: no input files
configure:1898: $? = 1
configure:1918: checking whether the C++ compiler works
configure:1940: clang++    conftest.cpp  >&5
configure:1944: $? = 0
configure:1992: result: yes
configure:1995: checking for C++ compiler default output file name
configure:1997: result: a.out
configure:2003: checking for suffix of executables
configure:2010: clang++ -o conftest    conftest.cpp  >&5
configure:2014: $? = 0
configure:2036: result: 
configure:2058: checking whether we are cross compiling
configure:2066: clang++ -o conftest    conftest.cpp  >&5
configure:2070: $? = 0
configure:2077: ./conftest
configure:2081: $? = 0
configure:2096: result: no
configure:2101: checking for suffix of object files
configure:2123: clang++ -c   conftest.cpp >&5
configure:2127: $? = 0
configure:2148: result: o
configure:2152: checking whether we are using the GNU C++ compiler
configure:2171: clang++ -c   conftest.cpp >&5
configure:2171: $? = 0
configure:2180: result: yes
configure:2189: checking whether clang++ accepts -g
configure:2209: clang++ -c -g  conftest.cpp >&5
configure:2209: $? = 0
configure:2250: result: yes
configure:2319: checking for a BSD-compatible install
configure:2387: result: /usr/bin/install -c
configure:2398: checking whether build environment is sane
configure:2448: result: yes
configure:2589: checking for a thread-safe mkdir -p
configure:2628: result: /bin/mkdir -p
configure:2641: checking for gawk
configure:2657: found /usr/bin/gawk
configure:2668: result: gawk
configure:2679: checking whether make sets $(MAKE)
configure:2701: result: yes
configure:2731: checking for style of include used by make
configure:2759: result: GNU
configure:2844: checking dependency style of clang++
configure:2954: result: gcc3
configure:3112: creating ./config.status

## ---------------------- ##
## Running config.status. ##
## ---------------------- ##

This file was extended by FULL-PACKAGE-NAME config.status VERSION, which was
generated by GNU Autoconf 2.68.  Invocation command line was

  CONFIG_FILES    = 
  CONFIG_HEADERS  = 
  CONFIG_LINKS    = 
  CONFIG_COMMANDS = 
  $ ./config.status 

on Karata-Laptop

config.status:847: creating Makefile
config.status:847: creating src/Makefile
config.status:847: creating config.h
config.status:1028: config.h is unchanged
config.status:1076: executing depfiles commands

## ---------------- ##
## Cache variables. ##
## ---------------- ##

ac_cv_cxx_compiler_gnu=yes
ac_cv_env_CCC_set=
ac_cv_env_CCC_value=
ac_cv_env_CPPFLAGS_set=
ac_cv_env_CPPFLAGS_value=
ac_cv_env_CXXFLAGS_set=
ac_cv_env_CXXFLAGS_value=
ac_cv_env_CXX_set=set
ac_cv_env_CXX_value=clang++
ac_cv_env_LDFLAGS_set=
ac_cv_env_LDFLAGS_value=
ac_cv_env_LIBS_set=
ac_cv_env_LIBS_value=
ac_cv_env_build_alias_set=
ac_cv_env_build_alias_value=
ac_cv_env_host_alias_set=
ac_cv_env_host_alias_value=
ac_cv_env_target_alias_set=
ac_cv_env_target_alias_value=
ac_cv_objext=o
ac_cv_path_install='/usr/bin/install -c'
ac_cv_path_mkdir=/bin/mkdir
ac_cv_prog_AWK=gawk
ac_cv_prog_cxx_g=yes
ac_cv_prog_make_make_set=yes
am_cv_CXX_dependencies_compiler_type=gcc3

## ----------------- ##
## Output variables. ##
## ----------------- ##

ACLOCAL='${SHELL} /home/rquiss/git/semantic-picture-cognition/src/sicd/missing --run aclocal-1.11'
AMDEPBACKSLASH='\'
AMDEP_FALSE='#'
AMDEP_TRUE=''
AMTAR='${SHELL} /home/rquiss/git/semantic-picture-cognition/src/sicd/missing --run tar'
AUTOCONF='${SHELL} /home/rquiss/git/semantic-picture-cognition/src/sicd/missing --run autoconf'
AUTOHEADER='${SHELL} /home/rquiss/git/semantic-picture-cognition/src/sicd/missing --run autoheader'
AUTOMAKE='${SHELL} /home/rquiss/git/semantic-picture-cognition/src/sicd/missing --run automake-1.11'
AWK='gawk'
CPPFLAGS=''
CXX='clang++'
CXXDEPMODE='depmode=gcc3'
CXXFLAGS='-g -O2'
CYGPATH_W='echo'
DEFS='-DHAVE_CONFIG_H'
DEPDIR='.deps'
ECHO_C=''
ECHO_N='-n'
ECHO_T=''
EXEEXT=''
INSTALL_DATA='${INSTALL} -m 644'
INSTALL_PROGRAM='${INSTALL}'
INSTALL_SCRIPT='${INSTALL}'
INSTALL_STRIP_PROGRAM='$(install_sh) -c -s'
LDFLAGS=''
LIBOBJS=''
LIBS=''
LTLIBOBJS=''
MAKEINFO='${SHELL} /home/rquiss/git/semantic-picture-cognition/src/sicd/missing --run makeinfo'
MKDIR_P='/bin/mkdir -p'
OBJEXT='o'
PACKAGE='full-package-name'
PACKAGE_BUGREPORT='BUG-REPORT-ADDRESS'
PACKAGE_NAME='FULL-PACKAGE-NAME'
PACKAGE_STRING='FULL-PACKAGE-NAME VERSION'
PACKAGE_TARNAME='full-package-name'
PACKAGE_URL=''
PACKAGE_VERSION='VERSION'
PATH_SEPARATOR=':'
SET_MAKE=''
SHELL='/bin/sh'
STRIP=''
VERSION='VERSION'
ac_ct_CXX=''
am__EXEEXT_FALSE=''
am__EXEEXT_TRUE='#'
am__fastdepCXX_FALSE='#'
am__fastdepCXX_TRUE=''
am__include='include'
am__isrc=''
am__leading_dot='.'
am__quote=''
am__tar='${AMTAR} chof - "$$tardir"'
am__untar='${AMTAR} xf -'
bindir='${exec_prefix}/bin'
build_alias=''
datadir='${datarootdir}'
datarootdir='${prefix}/share'
docdir='${datarootdir}/doc/${PACKAGE_TARNAME}'
dvidir='${docdir}'
exec_prefix='${prefix}'
host_alias=''
htmldir='${docdir}'
includedir='${prefix}/include'
infodir='${datarootdir}/info'
install_sh='${SHELL} /home/rquiss/git/semantic-picture-cognition/src/sicd/install-sh'
libdir='${exec_prefix}/lib'
libexecdir='${exec_prefix}/libexec'
localedir='${datarootdir}/locale'
localstatedir='${prefix}/var'
mandir='${datarootdir}/man'
mkdir_p='/bin/mkdir -p'
oldincludedir='/usr/include'
pdfdir='${docdir}'
prefix='/usr/local'
program_transform_name='s,x,x,'
psdir='${docdir}'
sbindir='${exec_prefix}/sbin'
sharedstatedir='${prefix}/com'
sysconfdir='${prefix}/etc'
target_alias=''

## ----------- ##
## confdefs.h. ##
## ----------- ##

/* confdefs.h */
#define PACKAGE_NAME "FULL-PACKAGE-NAME"
#define PACKAGE_TARNAME "full-package-name"
#define PACKAGE_VERSION "VERSION"
#define PACKAGE_STRING "FULL-PACKAGE-NAME VERSION"
#define PACKAGE_BUGREPORT "BUG-REPORT-ADDRESS"
#define PACKAGE_URL ""
#define PACKAGE "full-package-name"
#define VERSION "VERSION"

configure: exit 0
